<?xml version="1.0" encoding="UTF-8"?>
<!-- Generated by org.testng.reporters.JUnitXMLReporter -->
<testsuite ignored="0" hostname="OITS-2100099" failures="0" tests="9" name="Default test" time="0.237" errors="0" timestamp="2025-07-04T17:21:47 IST">
  <testcase classname="com.Gooru.AI.testCases.BaseClass" name="@BeforeClass setup" time="-1.751629907233E9">
    <failure type="org.testng.TestNGException" message="
Parameter &amp;apos;browser&amp;apos; is required by BeforeClass on method setup but has not been marked @Optional or defined
in C:\Users\Gursewak\AppData\Local\Temp\testng-eclipse-176862305\testng-customsuite.xml">
      <![CDATA[org.testng.TestNGException: 
Parameter 'browser' is required by BeforeClass on method setup but has not been marked @Optional or defined
in C:\Users\Gursewak\AppData\Local\Temp\testng-eclipse-176862305\testng-customsuite.xml
at org.testng.internal.Parameters.createParams(Parameters.java:267)
at org.testng.internal.Parameters.createParametersForMethod(Parameters.java:355)
at org.testng.internal.Parameters.createParameters(Parameters.java:684)
at org.testng.internal.Parameters.createConfigurationParameters(Parameters.java:166)
at org.testng.internal.invokers.ConfigInvoker.invokeConfigurations(ConfigInvoker.java:277)
at org.testng.internal.invokers.TestMethodWorker.invokeBeforeClassMethods(TestMethodWorker.java:180)
at org.testng.internal.invokers.TestMethodWorker.run(TestMethodWorker.java:122)
at java.base/java.util.ArrayList.forEach(ArrayList.java:1597)
at org.testng.TestRunner.privateRun(TestRunner.java:829)
at org.testng.TestRunner.run(TestRunner.java:602)
at org.testng.SuiteRunner.runTest(SuiteRunner.java:437)
at org.testng.SuiteRunner.runSequentially(SuiteRunner.java:431)
at org.testng.SuiteRunner.privateRun(SuiteRunner.java:391)
at org.testng.SuiteRunner.run(SuiteRunner.java:330)
at org.testng.SuiteRunnerWorker.runSuite(SuiteRunnerWorker.java:52)
at org.testng.SuiteRunnerWorker.run(SuiteRunnerWorker.java:95)
at org.testng.TestNG.runSuitesSequentially(TestNG.java:1256)
at org.testng.TestNG.runSuitesLocally(TestNG.java:1176)
at org.testng.TestNG.runSuites(TestNG.java:1099)
at org.testng.TestNG.run(TestNG.java:1067)
at org.testng.remote.AbstractRemoteTestNG.run(AbstractRemoteTestNG.java:115)
at org.testng.remote.RemoteTestNG.initAndRun(RemoteTestNG.java:293)
at org.testng.remote.RemoteTestNG.main(RemoteTestNG.java:91)
]]>
    </failure>
  </testcase> <!-- @BeforeClass setup -->
  <testcase classname="com.Gooru.AI.testCases.Regression" name="@BeforeMethod setUp" time="0.0">
    <skipped/>
  </testcase> <!-- @BeforeMethod setUp -->
  <testcase classname="com.Gooru.AI.testCases.Regression" name="@BeforeMethod setUp" time="0.0">
    <skipped/>
  </testcase> <!-- @BeforeMethod setUp -->
  <testcase classname="com.Gooru.AI.testCases.Regression" name="@BeforeMethod setUp" time="0.0">
    <skipped/>
  </testcase> <!-- @BeforeMethod setUp -->
  <testcase classname="com.Gooru.AI.testCases.Regression" name="@BeforeMethod setUp" time="0.0">
    <skipped/>
  </testcase> <!-- @BeforeMethod setUp -->
  <testcase classname="com.Gooru.AI.testCases.Regression" name="@BeforeMethod setUp" time="0.0">
    <skipped/>
  </testcase> <!-- @BeforeMethod setUp -->
  <testcase classname="com.Gooru.AI.testCases.Regression" name="@BeforeMethod setUp" time="0.0">
    <skipped/>
  </testcase> <!-- @BeforeMethod setUp -->
  <testcase classname="com.Gooru.AI.testCases.Regression" name="@BeforeMethod setUp" time="0.0">
    <skipped/>
  </testcase> <!-- @BeforeMethod setUp -->
  <testcase classname="com.Gooru.AI.testCases.BaseClass" name="@AfterClass tearDown" time="0.0">
    <skipped/>
  </testcase> <!-- @AfterClass tearDown -->
  <testcase classname="com.Gooru.AI.testCases.Regression" name="registrationFormTest" time="0.0">
    <skipped/>
  </testcase> <!-- registrationFormTest -->
  <testcase classname="com.Gooru.AI.testCases.Regression" name="emailVerification" time="0.0">
    <skipped/>
  </testcase> <!-- emailVerification -->
  <testcase classname="com.Gooru.AI.testCases.Regression" name="registeredUserLogin" time="0.0">
    <skipped/>
  </testcase> <!-- registeredUserLogin -->
  <testcase classname="com.Gooru.AI.testCases.Regression" name="profileCompleteMandatory" time="0.0">
    <skipped/>
  </testcase> <!-- profileCompleteMandatory -->
  <testcase classname="com.Gooru.AI.testCases.Regression" name="profileComplete100" time="0.0">
    <skipped/>
  </testcase> <!-- profileComplete100 -->
  <testcase classname="com.Gooru.AI.testCases.Regression" name="createPostWithPdfUpload" time="0.001">
    <skipped/>
  </testcase> <!-- createPostWithPdfUpload -->
  <testcase classname="com.Gooru.AI.testCases.Regression" name="createPostWithphotovideos" time="0.0">
    <skipped/>
  </testcase> <!-- createPostWithphotovideos -->
  <testcase classname="com.Gooru.AI.testCases.Regression" name="schedulePost" time="0.0">
    <skipped/>
  </testcase> <!-- schedulePost -->
  <testcase classname="com.Gooru.AI.testCases.Regression" name="explore" time="0.0">
    <skipped/>
  </testcase> <!-- explore -->
</testsuite> <!-- Default test -->
