<?xml version="1.0" encoding="UTF-8"?>
<!-- Generated by org.testng.reporters.JUnitReportReporter -->
<testsuite hostname="OITS-2100099" failures="0" tests="5" name="com.Gooru.AI.testCases.RegisterTest" time="47.773" errors="1" timestamp="2025-04-07T11:54:48 IST" skipped="2">
  <testcase classname="com.Gooru.AI.testCases.RegisterTest" name="registrationFormTest" time="26.253"/>
  <system-out/>
  <testcase classname="com.Gooru.AI.testCases.RegisterTest" name="emailVerification" time="9.651"/>
  <system-out/>
  <testcase classname="com.Gooru.AI.testCases.RegisterTest" name="registeredUserLogin" time="11.869">
    <error message="element click intercepted: Element &lt;i _ngcontent-ng-c4020168304=&quot;&quot; class=&quot;mdi mdi-chevron-down d-none d-xl-inline-block&quot;&gt;&lt;/i&gt; is not clickable at point (1319, 34). Other element would receive the click: &lt;div _ngcontent-ng-c3848084304=&quot;&quot; class=&quot;loader-overlay&quot;&gt;...&lt;/div&gt;
  (Session info: chrome=134.0.6998.179)
Build info: version: &#039;4.29.0&#039;, revision: &#039;5fc1ec94cb&#039;
System info: os.name: &#039;Windows 11&#039;, os.arch: &#039;amd64&#039;, os.version: &#039;10.0&#039;, java.version: &#039;23&#039;
Driver info: org.openqa.selenium.chrome.ChromeDriver
Command: [c35d3de57fbbbe8141bdbe4a7ad8d6ac, clickElement {id=f.51A7299F1E26B2FAFC3831A83EC8EAB0.d.031572000144558F05E8C31717E2E2D2.e.113}]
Capabilities {acceptInsecureCerts: false, browserName: chrome, browserVersion: 134.0.6998.179, chrome: {chromedriverVersion: 134.0.6998.165 (fd886e2cb29..., userDataDir: C:\Users\Gursewak\AppData\L...}, fedcm:accounts: true, goog:chromeOptions: {debuggerAddress: localhost:59734}, networkConnectionEnabled: false, pageLoadStrategy: normal, platformName: windows, proxy: Proxy(), se:cdp: ws://localhost:59734/devtoo..., se:cdpVersion: 134.0.6998.179, setWindowRect: true, strictFileInteractability: false, timeouts: {implicit: 0, pageLoad: 300000, script: 30000}, unhandledPromptBehavior: dismiss and notify, webauthn:extension:credBlob: true, webauthn:extension:largeBlob: true, webauthn:extension:minPinLength: true, webauthn:extension:prf: true, webauthn:virtualAuthenticators: true}
Element: [[ChromeDriver: chrome on windows (c35d3de57fbbbe8141bdbe4a7ad8d6ac)] -&gt; xpath: //i[@class=&#039;mdi mdi-chevron-down d-none d-xl-inline-block&#039;]]
Session ID: c35d3de57fbbbe8141bdbe4a7ad8d6ac" type="org.openqa.selenium.ElementClickInterceptedException">
      <![CDATA[org.openqa.selenium.ElementClickInterceptedException: element click intercepted: Element <i _ngcontent-ng-c4020168304="" class="mdi mdi-chevron-down d-none d-xl-inline-block"></i> is not clickable at point (1319, 34). Other element would receive the click: <div _ngcontent-ng-c3848084304="" class="loader-overlay">...</div>
  (Session info: chrome=134.0.6998.179)
Build info: version: '4.29.0', revision: '5fc1ec94cb'
System info: os.name: 'Windows 11', os.arch: 'amd64', os.version: '10.0', java.version: '23'
Driver info: org.openqa.selenium.chrome.ChromeDriver
Command: [c35d3de57fbbbe8141bdbe4a7ad8d6ac, clickElement {id=f.51A7299F1E26B2FAFC3831A83EC8EAB0.d.031572000144558F05E8C31717E2E2D2.e.113}]
Capabilities {acceptInsecureCerts: false, browserName: chrome, browserVersion: 134.0.6998.179, chrome: {chromedriverVersion: 134.0.6998.165 (fd886e2cb29..., userDataDir: C:\Users\Gursewak\AppData\L...}, fedcm:accounts: true, goog:chromeOptions: {debuggerAddress: localhost:59734}, networkConnectionEnabled: false, pageLoadStrategy: normal, platformName: windows, proxy: Proxy(), se:cdp: ws://localhost:59734/devtoo..., se:cdpVersion: 134.0.6998.179, setWindowRect: true, strictFileInteractability: false, timeouts: {implicit: 0, pageLoad: 300000, script: 30000}, unhandledPromptBehavior: dismiss and notify, webauthn:extension:credBlob: true, webauthn:extension:largeBlob: true, webauthn:extension:minPinLength: true, webauthn:extension:prf: true, webauthn:virtualAuthenticators: true}
Element: [[ChromeDriver: chrome on windows (c35d3de57fbbbe8141bdbe4a7ad8d6ac)] -> xpath: //i[@class='mdi mdi-chevron-down d-none d-xl-inline-block']]
Session ID: c35d3de57fbbbe8141bdbe4a7ad8d6ac
at java.base/jdk.internal.reflect.DirectConstructorHandleAccessor.newInstance(DirectConstructorHandleAccessor.java:62)
at java.base/java.lang.reflect.Constructor.newInstanceWithCaller(Constructor.java:501)
at java.base/java.lang.reflect.Constructor.newInstance(Constructor.java:485)
at org.openqa.selenium.remote.ErrorCodec.decode(ErrorCodec.java:167)
at org.openqa.selenium.remote.codec.w3c.W3CHttpResponseCodec.decode(W3CHttpResponseCodec.java:138)
at org.openqa.selenium.remote.codec.w3c.W3CHttpResponseCodec.decode(W3CHttpResponseCodec.java:50)
at org.openqa.selenium.remote.HttpCommandExecutor.execute(HttpCommandExecutor.java:215)
at org.openqa.selenium.remote.service.DriverCommandExecutor.invokeExecute(DriverCommandExecutor.java:216)
at org.openqa.selenium.remote.service.DriverCommandExecutor.execute(DriverCommandExecutor.java:174)
at org.openqa.selenium.remote.RemoteWebDriver.execute(RemoteWebDriver.java:545)
at org.openqa.selenium.remote.RemoteWebElement.execute(RemoteWebElement.java:223)
at org.openqa.selenium.remote.RemoteWebElement.click(RemoteWebElement.java:76)
at java.base/jdk.internal.reflect.DirectMethodHandleAccessor.invoke(DirectMethodHandleAccessor.java:103)
at java.base/java.lang.reflect.Method.invoke(Method.java:580)
at org.openqa.selenium.support.pagefactory.internal.LocatingElementHandler.invoke(LocatingElementHandler.java:51)
at jdk.proxy2/jdk.proxy2.$Proxy15.click(Unknown Source)
at com.Gooru.AI.utilities.ClickActions.clickElement(ClickActions.java:23)
at com.Gooru.AI.pageObjects.LoginPage.clickLogoutButton(LoginPage.java:90)
at com.Gooru.AI.testCases.RegisterTest.registeredUserLogin(RegisterTest.java:95)
at java.base/jdk.internal.reflect.DirectMethodHandleAccessor.invoke(DirectMethodHandleAccessor.java:103)
at java.base/java.lang.reflect.Method.invoke(Method.java:580)
at org.testng.internal.invokers.MethodInvocationHelper.invokeMethod(MethodInvocationHelper.java:139)
at org.testng.internal.invokers.TestInvoker.invokeMethod(TestInvoker.java:677)
at org.testng.internal.invokers.TestInvoker.invokeTestMethod(TestInvoker.java:221)
at org.testng.internal.invokers.MethodRunner.runInSequence(MethodRunner.java:50)
at org.testng.internal.invokers.TestInvoker$MethodInvocationAgent.invoke(TestInvoker.java:969)
at org.testng.internal.invokers.TestInvoker.invokeTestMethods(TestInvoker.java:194)
at org.testng.internal.invokers.TestMethodWorker.invokeTestMethods(TestMethodWorker.java:148)
at org.testng.internal.invokers.TestMethodWorker.run(TestMethodWorker.java:128)
at java.base/java.util.ArrayList.forEach(ArrayList.java:1597)
at org.testng.TestRunner.privateRun(TestRunner.java:829)
at org.testng.TestRunner.run(TestRunner.java:602)
at org.testng.SuiteRunner.runTest(SuiteRunner.java:437)
at org.testng.SuiteRunner.runSequentially(SuiteRunner.java:431)
at org.testng.SuiteRunner.privateRun(SuiteRunner.java:391)
at org.testng.SuiteRunner.run(SuiteRunner.java:330)
at org.testng.SuiteRunnerWorker.runSuite(SuiteRunnerWorker.java:52)
at org.testng.SuiteRunnerWorker.run(SuiteRunnerWorker.java:95)
at org.testng.TestNG.runSuitesSequentially(TestNG.java:1256)
at org.testng.TestNG.runSuitesLocally(TestNG.java:1176)
at org.testng.TestNG.runSuites(TestNG.java:1099)
at org.testng.TestNG.run(TestNG.java:1067)
at org.testng.remote.AbstractRemoteTestNG.run(AbstractRemoteTestNG.java:115)
at org.testng.remote.RemoteTestNG.initAndRun(RemoteTestNG.java:293)
at org.testng.remote.RemoteTestNG.main(RemoteTestNG.java:91)
]]>
    </error>
  </testcase> <!-- registeredUserLogin -->
  <system-out/>
  <testcase classname="com.Gooru.AI.testCases.RegisterTest" name="resetPassword">
    <skipped/>
  </testcase> <!-- resetPassword -->
  <system-out/>
  <testcase classname="com.Gooru.AI.testCases.RegisterTest" name="loginWithResetPassword">
    <skipped/>
  </testcase> <!-- loginWithResetPassword -->
  <system-out/>
</testsuite> <!-- com.Gooru.AI.testCases.RegisterTest -->
