<?xml version="1.0" encoding="UTF-8"?>
<!-- Generated by org.testng.reporters.JUnitReportReporter -->
<testsuite hostname="OITS-2100099" failures="0" tests="5" name="com.Gooru.AI.testCases.LoginPageTest" time="10.633" errors="0" timestamp="2025-03-11T12:56:48 IST" skipped="3">
  <testcase classname="com.Gooru.AI.testCases.LoginPageTest" name="loginWithValidData" time="0.386"/>
  <system-out/>
  <testcase classname="com.Gooru.AI.testCases.LoginPageTest" name="chatBot" time="10.247"/>
  <system-out/>
  <testcase classname="com.Gooru.AI.testCases.LoginPageTest" name="loginWithInvalidData">
    <skipped/>
  </testcase> <!-- loginWithInvalidData -->
  <system-out/>
  <testcase classname="com.Gooru.AI.testCases.LoginPageTest" name="loginWithEmptyUsernameAndPassword">
    <skipped/>
  </testcase> <!-- loginWithEmptyUsernameAndPassword -->
  <system-out/>
  <testcase classname="com.Gooru.AI.testCases.LoginPageTest" name="loginWithGoogle">
    <skipped/>
  </testcase> <!-- loginWithGoogle -->
  <system-out/>
</testsuite> <!-- com.Gooru.AI.testCases.LoginPageTest -->
