<?xml version="1.0" encoding="UTF-8"?>
<!-- Generated by org.testng.reporters.JUnitReportReporter -->
<testsuite hostname="Satyendra" failures="0" tests="4" name="com.Microsite.testCases.EFormTest" time="178.506" errors="0" timestamp="14 Jun 2024 10:04:52 GMT" skipped="0">
  <testcase classname="com.Microsite.testCases.EFormTest" name="compaignSelect" time="13.906"/>
  <testcase classname="com.Microsite.testCases.EFormTest" name="EForm" time="49.967"/>
  <testcase classname="com.Microsite.testCases.EFormTest" name="paymentEform" time="103.725"/>
  <testcase classname="com.Microsite.testCases.EFormTest" name="loginasVerifier" time="10.908"/>
</testsuite> <!-- com.Microsite.testCases.EFormTest -->
