<?xml version="1.0" encoding="UTF-8"?>
<!-- Generated by org.testng.reporters.JUnitXMLReporter -->
<testsuite ignored="9" hostname="OITS-2100099" failures="1" tests="2" name="E-Socio Learning Domain" time="15.236" errors="0" timestamp="30 Jul 2025 13:32:52 GMT">
  <testcase classname="com.Gooru.AI.testCases.Regression" name="registrationFormTest" time="0.064">
    <failure type="org.openqa.selenium.NoSuchWindowException" message="no such window: target window already closed
from unknown error: web view not found
  (Session info: chrome=138.0.7204.169)
Build info: version: &amp;apos;4.24.0&amp;apos;, revision: &amp;apos;748ffc9bc3&amp;apos;
System info: os.name: &amp;apos;Windows 11&amp;apos;, os.arch: &amp;apos;amd64&amp;apos;, os.version: &amp;apos;10.0&amp;apos;, java.version: &amp;apos;23&amp;apos;
Driver info: org.openqa.selenium.chrome.ChromeDriver
Command: [386c88557419465ea29e8bdc5ab9d6a7, findElement {value=//input[@id=&amp;apos;username&amp;apos;], using=xpath}]
Capabilities {acceptInsecureCerts: false, browserName: chrome, browserVersion: 138.0.7204.169, chrome: {chromedriverVersion: 138.0.7204.183 (e90faf484dd..., userDataDir: C:\Users\Gursewak\AppData\L...}, fedcm:accounts: true, goog:chromeOptions: {debuggerAddress: localhost:49822}, networkConnectionEnabled: false, pageLoadStrategy: normal, platformName: windows, proxy: Proxy(), se:cdp: ws://localhost:49822/devtoo..., se:cdpVersion: 138.0.7204.169, setWindowRect: true, strictFileInteractability: false, timeouts: {implicit: 0, pageLoad: 300000, script: 30000}, unhandledPromptBehavior: dismiss and notify, webauthn:extension:credBlob: true, webauthn:extension:largeBlob: true, webauthn:extension:minPinLength: true, webauthn:extension:prf: true, webauthn:virtualAuthenticators: true}
Session ID: 386c88557419465ea29e8bdc5ab9d6a7">
      <![CDATA[org.openqa.selenium.NoSuchWindowException: no such window: target window already closed
from unknown error: web view not found
  (Session info: chrome=138.0.7204.169)
Build info: version: '4.24.0', revision: '748ffc9bc3'
System info: os.name: 'Windows 11', os.arch: 'amd64', os.version: '10.0', java.version: '23'
Driver info: org.openqa.selenium.chrome.ChromeDriver
Command: [386c88557419465ea29e8bdc5ab9d6a7, findElement {value=//input[@id='username'], using=xpath}]
Capabilities {acceptInsecureCerts: false, browserName: chrome, browserVersion: 138.0.7204.169, chrome: {chromedriverVersion: 138.0.7204.183 (e90faf484dd..., userDataDir: C:\Users\Gursewak\AppData\L...}, fedcm:accounts: true, goog:chromeOptions: {debuggerAddress: localhost:49822}, networkConnectionEnabled: false, pageLoadStrategy: normal, platformName: windows, proxy: Proxy(), se:cdp: ws://localhost:49822/devtoo..., se:cdpVersion: 138.0.7204.169, setWindowRect: true, strictFileInteractability: false, timeouts: {implicit: 0, pageLoad: 300000, script: 30000}, unhandledPromptBehavior: dismiss and notify, webauthn:extension:credBlob: true, webauthn:extension:largeBlob: true, webauthn:extension:minPinLength: true, webauthn:extension:prf: true, webauthn:virtualAuthenticators: true}
Session ID: 386c88557419465ea29e8bdc5ab9d6a7
at org.openqa.selenium.remote.ErrorCodec.decode(ErrorCodec.java:167)
at org.openqa.selenium.remote.codec.w3c.W3CHttpResponseCodec.decode(W3CHttpResponseCodec.java:138)
at org.openqa.selenium.remote.codec.w3c.W3CHttpResponseCodec.decode(W3CHttpResponseCodec.java:50)
at org.openqa.selenium.remote.HttpCommandExecutor.execute(HttpCommandExecutor.java:190)
at org.openqa.selenium.remote.service.DriverCommandExecutor.invokeExecute(DriverCommandExecutor.java:216)
at org.openqa.selenium.remote.service.DriverCommandExecutor.execute(DriverCommandExecutor.java:174)
at org.openqa.selenium.remote.RemoteWebDriver.execute(RemoteWebDriver.java:545)
at org.openqa.selenium.remote.ElementLocation$ElementFinder$2.findElement(ElementLocation.java:165)
at org.openqa.selenium.remote.ElementLocation.findElement(ElementLocation.java:59)
at org.openqa.selenium.remote.RemoteWebDriver.findElement(RemoteWebDriver.java:368)
at org.openqa.selenium.remote.RemoteWebDriver.findElement(RemoteWebDriver.java:362)
at org.openqa.selenium.support.pagefactory.DefaultElementLocator.findElement(DefaultElementLocator.java:68)
at org.openqa.selenium.support.pagefactory.internal.LocatingElementHandler.invoke(LocatingElementHandler.java:38)
at jdk.proxy2/jdk.proxy2.$Proxy17.clear(Unknown Source)
at com.Gooru.AI.pageObjects.Registration.setFirstName(Registration.java:77)
at com.Gooru.AI.testCases.Regression.registrationFormTest(Regression.java:88)
... Removed 26 stack frames]]>
    </failure>
  </testcase> <!-- registrationFormTest -->
  <testcase classname="com.Gooru.AI.testCases.Regression" name="emailVerification" time="0.0">
    <skipped/>
  </testcase> <!-- emailVerification -->
  <testcase classname="com.Gooru.AI.testCases.Regression" name="createPostWithPdfUpload" time="0.0">
    <ignored/>
  </testcase> <!-- createPostWithPdfUpload -->
  <testcase classname="com.Gooru.AI.testCases.Regression" name="schedulePost" time="0.0">
    <ignored/>
  </testcase> <!-- schedulePost -->
  <testcase classname="com.Gooru.AI.testCases.Regression" name="payMentTest" time="0.0">
    <ignored/>
  </testcase> <!-- payMentTest -->
  <testcase classname="com.Gooru.AI.testCases.Regression" name="rateCourseTest" time="0.0">
    <ignored/>
  </testcase> <!-- rateCourseTest -->
  <testcase classname="com.Gooru.AI.testCases.Regression" name="createPostWithMedia" time="0.0">
    <ignored/>
  </testcase> <!-- createPostWithMedia -->
  <testcase classname="com.Gooru.AI.testCases.Regression" name="exploreAccessTest" time="0.0">
    <ignored/>
  </testcase> <!-- exploreAccessTest -->
  <testcase classname="com.Gooru.AI.testCases.Regression" name="profileComplete100" time="0.0">
    <ignored/>
  </testcase> <!-- profileComplete100 -->
  <testcase classname="com.Gooru.AI.testCases.Regression" name="addToCartTest" time="0.0">
    <ignored/>
  </testcase> <!-- addToCartTest -->
  <testcase classname="com.Gooru.AI.testCases.Regression" name="searchCousreTest" time="0.0">
    <ignored/>
  </testcase> <!-- searchCousreTest -->
</testsuite> <!-- E-Socio Learning Domain -->
