<?xml version="1.0" encoding="UTF-8"?>
<!-- Generated by org.testng.reporters.JUnitReportReporter -->
<testsuite hostname="OITS-2100099" failures="0" tests="4" name="com.Gooru.RegisterMemberTest" time="3.277" errors="0" timestamp="2025-01-22T18:54:02 IST" skipped="3">
  <testcase classname="com.Gooru.RegisterMemberTest" name="testRegisterMemberwithvaliddata" time="3.277"/>
  <system-out/>
  <testcase classname="com.Gooru.RegisterMemberTest" name="testRegisterMemberWithEmptyBody">
    <skipped/>
  </testcase> <!-- testRegisterMemberWithEmptyBody -->
  <system-out/>
  <testcase classname="com.Gooru.RegisterMemberTest" name="testRegisterMemberWithInvalidEmail">
    <skipped/>
  </testcase> <!-- testRegisterMemberWithInvalidEmail -->
  <system-out/>
  <testcase classname="com.Gooru.RegisterMemberTest" name="testRegisterMemberWithMissingField">
    <skipped/>
  </testcase> <!-- testRegisterMemberWithMissingField -->
  <system-out/>
</testsuite> <!-- com.Gooru.RegisterMemberTest -->
